*** Using Compiler 'V6.19', folder: 'D:\software\Keil\Core\ARM\ARMCLANG\Bin'
Rebuild target 'liwe'
compiling stm32f1xx_it.c...
compiling gpio.c...
compiling i2c.c...
compiling usart.c...
compiling main.c...
compiling stm32f1xx_hal_msp.c...
compiling stm32f1xx_hal_gpio_ex.c...
compiling stm32f1xx_hal.c...
compiling stm32f1xx_hal_gpio.c...
compiling stm32f1xx_hal_rcc_ex.c...
compiling stm32f1xx_hal_rcc.c...
compiling BPC_DECODE.c...
assembling startup_stm32f103xb.s...
compiling stm32f1xx_hal_dma.c...
compiling stm32f1xx_hal_pwr.c...
compiling clock.c...
compiling stm32f1xx_hal_tim_ex.c...
compiling cpu.c...
compiling idle.c...
compiling stm32f1xx_hal_tim.c...
compiling system_stm32f1xx.c...
compiling components.c...
compiling stm32f1xx_hal_cortex.c...
compiling stm32f1xx_hal_exti.c...
compiling stm32f1xx_hal_flash.c...
compiling stm32f1xx_hal_flash_ex.c...
assembling context_rvds.S...
compiling ipc.c...
compiling irq.c...
compiling memheap.c...
compiling mempool.c...
compiling slab.c...
compiling mem.c...
compiling scheduler.c...
compiling object.c...
compiling cpuport.c...
compiling thread.c...
compiling finsh_port.c...
compiling timer.c...
compiling board.c...
compiling cmd.c...
compiling stm32f1xx_hal_uart.c...
compiling shell.c...
compiling msh.c...
compiling stm32f1xx_hal_i2c.c...
compiling kservice.c...
linking...
Program Size: Code=25258 RO-data=2042 RW-data=64 ZI-data=18304  
FromELF: creating hex file...
"liwe\liwe.axf" - 0 Error(s), 0 Warning(s).
Build Time Elapsed:  00:00:02
